#
# There is insufficient memory for the Java Runtime Environment to continue.
# Native memory allocation (malloc) failed to allocate 1758896 bytes for Chunk::new
# Possible reasons:
#   The system is out of physical RAM or swap space
#   The process is running with CompressedOops enabled, and the Java Heap may be blocking the growth of the native heap
# Possible solutions:
#   Reduce memory load on the system
#   Increase physical memory or swap space
#   Check if swap backing store is full
#   Decrease Java heap size (-Xmx/-Xms)
#   Decrease number of Java threads
#   Decrease Java thread stack sizes (-Xss)
#   Set larger code cache with -XX:ReservedCodeCacheSize=
#   JVM is running with Unscaled Compressed Oops mode in which the Java heap is
#     placed in the first 4GB address space. The Java Heap base address is the
#     maximum limit for the native heap growth. Please use -XX:HeapBaseMinAddress
#     to set the Java Heap base and to place the Java Heap above 4GB virtual address.
# This output file may be truncated or incomplete.
#
#  Out of Memory Error (./src/hotspot/share/memory/arena.cpp:197), pid=5344, tid=14412
#
# JRE version: OpenJDK Runtime Environment (11.0.10) (build 11.0.10+0-b96-7249189)
# Java VM: OpenJDK 64-Bit Server VM (11.0.10+0-b96-7249189, mixed mode, tiered, compressed oops, g1 gc, windows-amd64)
# No core dump will be written. Minidumps are not enabled by default on client versions of Windows
#

---------------  S U M M A R Y ------------

Command Line: --add-opens=java.base/java.util=ALL-UNNAMED --add-opens=java.base/java.lang=ALL-UNNAMED --add-opens=java.base/java.lang.invoke=ALL-UNNAMED --add-opens=java.prefs/java.util.prefs=ALL-UNNAMED -Xmx2048m -Dfile.encoding=windows-1251 -Duser.country=RU -Duser.language=ru -Duser.variant org.gradle.launcher.daemon.bootstrap.GradleDaemon 6.7.1

Host: Intel(R) Core(TM) i7-6500U CPU @ 2.50GHz, 4 cores, 7G,  Windows 10 , 64 bit Build 19041 (10.0.19041.1023)
Time: Sat Jul 31 14:20:20 2021 RTZ 2 (зима) elapsed time: 44.060808 seconds (0d 0h 0m 44s)

---------------  T H R E A D  ---------------

Current thread (0x00000250ff4ef800):  JavaThread "C2 CompilerThread0" daemon [_thread_in_native, id=14412, stack(0x000000d781200000,0x000000d781300000)]


Current CompileTask:
C2:  44060 7381 %     4       org.gradle.internal.instantiation.generator.AbstractClassGenerator::inspectType @ 207 (560 bytes)

Stack: [0x000000d781200000,0x000000d781300000]
Native frames: (J=compiled Java code, j=interpreted, Vv=VM code, C=native code)
V  [jvm.dll+0x5ecfaa]
V  [jvm.dll+0x722bd5]
V  [jvm.dll+0x72412d]
V  [jvm.dll+0x7247e3]
V  [jvm.dll+0x242928]
V  [jvm.dll+0xbc4fc]
V  [jvm.dll+0xbca0c]
V  [jvm.dll+0x352d7d]
V  [jvm.dll+0x320ad3]
V  [jvm.dll+0x31ffca]
V  [jvm.dll+0x1fb602]
V  [jvm.dll+0x1fa7f4]
V  [jvm.dll+0x18354c]
V  [jvm.dll+0x208ee7]
V  [jvm.dll+0x207731]
V  [jvm.dll+0x6eb1cf]
V  [jvm.dll+0x6e3d45]
V  [jvm.dll+0x5ebe96]
C  [ucrtbase.dll+0x21bb2]
C  [KERNEL32.DLL+0x17034]
C  [ntdll.dll+0x52651]


---------------  P R O C E S S  ---------------

Threads class SMR info:
_java_thread_list=0x0000025098f371a0, length=158, elements={
0x00000250f699a800, 0x00000250ff4cd000, 0x00000250ff4ce000, 0x00000250ff4eb800,
0x00000250ff4ec000, 0x00000250ff4ed000, 0x00000250ff4ef800, 0x00000250ff51b000,
0x0000025093095000, 0x0000025093182800, 0x0000025094d85000, 0x0000025096c4c800,
0x00000250948bb000, 0x00000250949f2000, 0x0000025094baa000, 0x0000025094bbb000,
0x0000025094dce000, 0x0000025094d0e800, 0x000002509435a000, 0x0000025094b98000,
0x0000025094b97000, 0x0000025094b96000, 0x0000025094b99800, 0x0000025094b98800,
0x0000025094b9a800, 0x0000025094b9d000, 0x0000025094b9b000, 0x0000025094b9c000,
0x0000025098763800, 0x0000025098760000, 0x0000025098762800, 0x0000025098764000,
0x0000025098761800, 0x0000025098765000, 0x0000025098766000, 0x0000025098766800,
0x0000025098761000, 0x000002509876b800, 0x000002509876d000, 0x0000025098768000,
0x000002509876c800, 0x000002509876a000, 0x000002509876a800, 0x0000025098767800,
0x000002509876e000, 0x0000025098769000, 0x000002509876e800, 0x00000250972dd000,
0x00000250972db000, 0x00000250972dd800, 0x00000250972da800, 0x00000250972e1800,
0x00000250972de800, 0x00000250972e1000, 0x00000250972e3800, 0x00000250972e4000,
0x00000250972e5000, 0x00000250972e2800, 0x00000250972df800, 0x00000250972e6000,
0x00000250972e6800, 0x00000250972e8000, 0x00000250972e7800, 0x00000250972e9000,
0x0000025094b7b000, 0x0000025094b79800, 0x0000025094b77000, 0x0000025094b76000,
0x0000025094b7c000, 0x0000025094b78800, 0x0000025094b7c800, 0x0000025094b7a800,
0x0000025094b7d800, 0x0000025094b78000, 0x0000025094b80000, 0x0000025094b7f000,
0x0000025094b82800, 0x0000025094b81000, 0x0000025094b7e800, 0x0000025094b83800,
0x0000025094b85000, 0x0000025094b81800, 0x0000025094b84000, 0x0000025096ff6000,
0x0000025096ff8800, 0x0000025096ff9800, 0x0000025096ffa000, 0x0000025096ff4800,
0x0000025096ff7000, 0x0000025096ff7800, 0x0000025096ffb000, 0x0000025096ff5000,
0x0000025096ffb800, 0x0000025096ffd800, 0x0000025097001800, 0x0000025097000000,
0x0000025097002000, 0x0000025097000800, 0x0000025096ffc800, 0x0000025097003000,
0x0000025096ffe000, 0x0000025096fff000, 0x0000025098afc800, 0x0000025098afd800,
0x0000025098aff000, 0x0000025098b00800, 0x0000025098b01800, 0x0000025098aff800,
0x0000025098afb800, 0x0000025098b04000, 0x0000025098b02000, 0x0000025098b03000,
0x0000025098afe000, 0x0000025098b05800, 0x0000025098b06000, 0x0000025098b09800,
0x0000025098b07000, 0x0000025098b08000, 0x0000025098b08800, 0x0000025098b0a800,
0x0000025098b04800, 0x00000250958f1000, 0x00000250958ef800, 0x00000250958f0800,
0x00000250958f2000, 0x00000250958ee000, 0x00000250958ec000, 0x00000250958f2800,
0x00000250958ed000, 0x00000250958f3800, 0x00000250958f4800, 0x00000250958ee800,
0x00000250958f5000, 0x00000250958f9000, 0x00000250958f6000, 0x00000250958f7000,
0x00000250958fa000, 0x00000250958f8800, 0x00000250958f7800, 0x00000250958fb000,
0x00000250986ae000, 0x00000250986ad000, 0x00000250986a8000, 0x00000250986ae800,
0x00000250986aa800, 0x00000250986ac000, 0x00000250986a9000, 0x00000250986af800,
0x00000250986a9800, 0x00000250986b1000, 0x00000250986b0800, 0x00000250986ab800,
0x00000250986b4800, 0x00000250986b5000, 0x00000250986b7000, 0x00000250986b2000,
0x00000250986b6000, 0x0000025096bbd000
}

Java Threads: ( => current thread )
  0x00000250f699a800 JavaThread "main" [_thread_blocked, id=10468, stack(0x000000d780600000,0x000000d780700000)]
  0x00000250ff4cd000 JavaThread "Reference Handler" daemon [_thread_blocked, id=9384, stack(0x000000d780d00000,0x000000d780e00000)]
  0x00000250ff4ce000 JavaThread "Finalizer" daemon [_thread_blocked, id=9732, stack(0x000000d780e00000,0x000000d780f00000)]
  0x00000250ff4eb800 JavaThread "Signal Dispatcher" daemon [_thread_blocked, id=11992, stack(0x000000d780f00000,0x000000d781000000)]
  0x00000250ff4ec000 JavaThread "Attach Listener" daemon [_thread_blocked, id=8308, stack(0x000000d781000000,0x000000d781100000)]
  0x00000250ff4ed000 JavaThread "Service Thread" daemon [_thread_blocked, id=2516, stack(0x000000d781100000,0x000000d781200000)]
=>0x00000250ff4ef800 JavaThread "C2 CompilerThread0" daemon [_thread_in_native, id=14412, stack(0x000000d781200000,0x000000d781300000)]
  0x00000250ff51b000 JavaThread "C1 CompilerThread0" daemon [_thread_blocked, id=11536, stack(0x000000d781300000,0x000000d781400000)]
  0x0000025093095000 JavaThread "Sweeper thread" daemon [_thread_blocked, id=5992, stack(0x000000d781400000,0x000000d781500000)]
  0x0000025093182800 JavaThread "Common-Cleaner" daemon [_thread_blocked, id=11824, stack(0x000000d781500000,0x000000d781600000)]
  0x0000025094d85000 JavaThread "Daemon health stats" [_thread_blocked, id=6188, stack(0x000000d781a00000,0x000000d781b00000)]
  0x0000025096c4c800 JavaThread "Incoming local TCP Connector on port 51225" [_thread_in_native, id=3536, stack(0x000000d781c00000,0x000000d781d00000)]
  0x00000250948bb000 JavaThread "Daemon" [_thread_blocked, id=14044, stack(0x000000d781d00000,0x000000d781e00000)]
  0x00000250949f2000 JavaThread "Handler for socket connection from /127.0.0.1:51225 to /127.0.0.1:51226" [_thread_in_native, id=12128, stack(0x000000d781e00000,0x000000d781f00000)]
  0x0000025094baa000 JavaThread "Daemon periodic checks" [_thread_blocked, id=12344, stack(0x000000d781f00000,0x000000d782000000)]
  0x0000025094bbb000 JavaThread "Cancel handler" [_thread_blocked, id=3740, stack(0x000000d782000000,0x000000d782100000)]
  0x0000025094dce000 JavaThread "Daemon worker" [_thread_in_vm, id=5664, stack(0x000000d782100000,0x000000d782200000)]
  0x0000025094d0e800 JavaThread "Asynchronous log dispatcher for DefaultDaemonConnection: socket connection from /127.0.0.1:51225 to /127.0.0.1:51226" [_thread_blocked, id=12964, stack(0x000000d782200000,0x000000d782300000)]
  0x000002509435a000 JavaThread "Stdin handler" [_thread_blocked, id=9952, stack(0x000000d782300000,0x000000d782400000)]
  0x0000025094b98000 JavaThread "Thread-8" [_thread_blocked, id=10620, stack(0x000000d782400000,0x000000d782500000)]
  0x0000025094b97000 JavaThread "Cache worker for file hash cache (C:\Users\Loppop\.gradle\caches\6.7.1\fileHashes)" [_thread_blocked, id=6620, stack(0x000000d782600000,0x000000d782700000)]
  0x0000025094b96000 JavaThread "File lock request listener" [_thread_in_native, id=6924, stack(0x000000d782700000,0x000000d782800000)]
  0x0000025094b99800 JavaThread "Cache worker for journal cache (C:\Users\Loppop\.gradle\caches\journal-1)" [_thread_blocked, id=6672, stack(0x000000d782800000,0x000000d782900000)]
  0x0000025094b98800 JavaThread "Cache worker for file hash cache (C:\Users\Loppop\AndroidStudioProjects\nmedia\.gradle\6.7.1\fileHashes)" [_thread_blocked, id=7156, stack(0x000000d782a00000,0x000000d782b00000)]
  0x0000025094b9a800 JavaThread "jar transforms" [_thread_blocked, id=3080, stack(0x000000d782b00000,0x000000d782c00000)]
  0x0000025094b9d000 JavaThread "jar transforms Thread 2" [_thread_blocked, id=7556, stack(0x000000d782c00000,0x000000d782d00000)]
  0x0000025094b9b000 JavaThread "jar transforms Thread 3" [_thread_blocked, id=8956, stack(0x000000d782d00000,0x000000d782e00000)]
  0x0000025094b9c000 JavaThread "jar transforms Thread 4" [_thread_blocked, id=4724, stack(0x000000d782e00000,0x000000d782f00000)]
  0x0000025098763800 JavaThread "jar transforms Thread 5" [_thread_blocked, id=11144, stack(0x000000d782f00000,0x000000d783000000)]
  0x0000025098760000 JavaThread "jar transforms Thread 6" [_thread_blocked, id=11672, stack(0x000000d783000000,0x000000d783100000)]
  0x0000025098762800 JavaThread "jar transforms Thread 7" [_thread_blocked, id=14188, stack(0x000000d783100000,0x000000d783200000)]
  0x0000025098764000 JavaThread "jar transforms Thread 8" [_thread_blocked, id=6092, stack(0x000000d783200000,0x000000d783300000)]
  0x0000025098761800 JavaThread "jar transforms Thread 9" [_thread_blocked, id=3540, stack(0x000000d783300000,0x000000d783400000)]
  0x0000025098765000 JavaThread "jar transforms Thread 10" [_thread_blocked, id=13220, stack(0x000000d783400000,0x000000d783500000)]
  0x0000025098766000 JavaThread "jar transforms Thread 11" [_thread_blocked, id=13216, stack(0x000000d783500000,0x000000d783600000)]
  0x0000025098766800 JavaThread "jar transforms Thread 12" [_thread_blocked, id=796, stack(0x000000d783600000,0x000000d783700000)]
  0x0000025098761000 JavaThread "jar transforms Thread 13" [_thread_blocked, id=14976, stack(0x000000d783700000,0x000000d783800000)]
  0x000002509876b800 JavaThread "jar transforms Thread 14" [_thread_blocked, id=5556, stack(0x000000d783800000,0x000000d783900000)]
  0x000002509876d000 JavaThread "jar transforms Thread 15" [_thread_blocked, id=5172, stack(0x000000d783900000,0x000000d783a00000)]
  0x0000025098768000 JavaThread "jar transforms Thread 16" [_thread_blocked, id=11436, stack(0x000000d783a00000,0x000000d783b00000)]
  0x000002509876c800 JavaThread "jar transforms Thread 17" [_thread_blocked, id=11836, stack(0x000000d783b00000,0x000000d783c00000)]
  0x000002509876a000 JavaThread "jar transforms Thread 18" [_thread_blocked, id=9628, stack(0x000000d783c00000,0x000000d783d00000)]
  0x000002509876a800 JavaThread "jar transforms Thread 19" [_thread_blocked, id=7116, stack(0x000000d783d00000,0x000000d783e00000)]
  0x0000025098767800 JavaThread "jar transforms Thread 20" [_thread_blocked, id=7908, stack(0x000000d783e00000,0x000000d783f00000)]
  0x000002509876e000 JavaThread "Cache worker for checksums cache (C:\Users\Loppop\AndroidStudioProjects\nmedia\.gradle\checksums)" [_thread_blocked, id=5208, stack(0x000000d783f00000,0x000000d784000000)]
  0x0000025098769000 JavaThread "Cache worker for cache directory md-supplier (C:\Users\Loppop\.gradle\caches\6.7.1\md-supplier)" [_thread_blocked, id=8924, stack(0x000000d784000000,0x000000d784100000)]
  0x000002509876e800 JavaThread "File lock release action executor" [_thread_blocked, id=15080, stack(0x000000d784100000,0x000000d784200000)]
  0x00000250972dd000 JavaThread "Cache worker for cache directory md-rule (C:\Users\Loppop\.gradle\caches\6.7.1\md-rule)" [_thread_blocked, id=1640, stack(0x000000d784200000,0x000000d784300000)]
  0x00000250972db000 JavaThread "Cache worker for execution history cache (C:\Users\Loppop\.gradle\caches\6.7.1\executionHistory)" [_thread_blocked, id=12984, stack(0x000000d784300000,0x000000d784400000)]
  0x00000250972dd800 JavaThread "Cache worker for file content cache (C:\Users\Loppop\.gradle\caches\6.7.1\fileContent)" [_thread_blocked, id=15320, stack(0x000000d782900000,0x000000d782a00000)]
  0x00000250972da800 JavaThread "Cache worker for Build Output Cleanup Cache (C:\Users\Loppop\AndroidStudioProjects\nmedia\.gradle\buildOutputCleanup)" [_thread_blocked, id=8616, stack(0x000000d784400000,0x000000d784500000)]
  0x00000250972e1800 JavaThread "Build operations" [_thread_blocked, id=11008, stack(0x000000d784500000,0x000000d784600000)]
  0x00000250972de800 JavaThread "Build operations Thread 2" [_thread_blocked, id=10176, stack(0x000000d784600000,0x000000d784700000)]
  0x00000250972e1000 JavaThread "Build operations Thread 3" [_thread_blocked, id=6312, stack(0x000000d784700000,0x000000d784800000)]
  0x00000250972e3800 JavaThread "Build operations Thread 4" [_thread_blocked, id=14988, stack(0x000000d784800000,0x000000d784900000)]
  0x00000250972e4000 JavaThread "jar transforms Thread 21" [_thread_blocked, id=6760, stack(0x000000d784900000,0x000000d784a00000)]
  0x00000250972e5000 JavaThread "jar transforms Thread 22" [_thread_blocked, id=10008, stack(0x000000d784a00000,0x000000d784b00000)]
  0x00000250972e2800 JavaThread "jar transforms Thread 23" [_thread_blocked, id=12816, stack(0x000000d784b00000,0x000000d784c00000)]
  0x00000250972df800 JavaThread "jar transforms Thread 24" [_thread_blocked, id=14120, stack(0x000000d784c00000,0x000000d784d00000)]
  0x00000250972e6000 JavaThread "jar transforms Thread 25" [_thread_blocked, id=2764, stack(0x000000d784d00000,0x000000d784e00000)]
  0x00000250972e6800 JavaThread "jar transforms Thread 26" [_thread_blocked, id=9196, stack(0x000000d784e00000,0x000000d784f00000)]
  0x00000250972e8000 JavaThread "jar transforms Thread 27" [_thread_blocked, id=11344, stack(0x000000d784f00000,0x000000d785000000)]
  0x00000250972e7800 JavaThread "jar transforms Thread 28" [_thread_blocked, id=15216, stack(0x000000d785000000,0x000000d785100000)]
  0x00000250972e9000 JavaThread "jar transforms Thread 29" [_thread_blocked, id=2308, stack(0x000000d785100000,0x000000d785200000)]
  0x0000025094b7b000 JavaThread "jar transforms Thread 30" [_thread_blocked, id=10268, stack(0x000000d785200000,0x000000d785300000)]
  0x0000025094b79800 JavaThread "jar transforms Thread 31" [_thread_blocked, id=11584, stack(0x000000d785300000,0x000000d785400000)]
  0x0000025094b77000 JavaThread "jar transforms Thread 32" [_thread_blocked, id=9256, stack(0x000000d785400000,0x000000d785500000)]
  0x0000025094b76000 JavaThread "jar transforms Thread 33" [_thread_blocked, id=7080, stack(0x000000d785500000,0x000000d785600000)]
  0x0000025094b7c000 JavaThread "jar transforms Thread 34" [_thread_blocked, id=9512, stack(0x000000d785600000,0x000000d785700000)]
  0x0000025094b78800 JavaThread "jar transforms Thread 35" [_thread_blocked, id=10596, stack(0x000000d785700000,0x000000d785800000)]
  0x0000025094b7c800 JavaThread "jar transforms Thread 36" [_thread_blocked, id=12852, stack(0x000000d785800000,0x000000d785900000)]
  0x0000025094b7a800 JavaThread "jar transforms Thread 37" [_thread_blocked, id=15056, stack(0x000000d785900000,0x000000d785a00000)]
  0x0000025094b7d800 JavaThread "jar transforms Thread 38" [_thread_blocked, id=8012, stack(0x000000d785a00000,0x000000d785b00000)]
  0x0000025094b78000 JavaThread "jar transforms Thread 39" [_thread_blocked, id=4268, stack(0x000000d785b00000,0x000000d785c00000)]
  0x0000025094b80000 JavaThread "jar transforms Thread 40" [_thread_blocked, id=14328, stack(0x000000d785c00000,0x000000d785d00000)]
  0x0000025094b7f000 JavaThread "jar transforms Thread 41" [_thread_blocked, id=15308, stack(0x000000d785d00000,0x000000d785e00000)]
  0x0000025094b82800 JavaThread "jar transforms Thread 42" [_thread_blocked, id=5504, stack(0x000000d785e00000,0x000000d785f00000)]
  0x0000025094b81000 JavaThread "jar transforms Thread 43" [_thread_blocked, id=3176, stack(0x000000d785f00000,0x000000d786000000)]
  0x0000025094b7e800 JavaThread "jar transforms Thread 44" [_thread_blocked, id=3440, stack(0x000000d786000000,0x000000d786100000)]
  0x0000025094b83800 JavaThread "jar transforms Thread 45" [_thread_blocked, id=5976, stack(0x000000d786100000,0x000000d786200000)]
  0x0000025094b85000 JavaThread "jar transforms Thread 46" [_thread_blocked, id=7896, stack(0x000000d786200000,0x000000d786300000)]
  0x0000025094b81800 JavaThread "jar transforms Thread 47" [_thread_blocked, id=10144, stack(0x000000d786300000,0x000000d786400000)]
  0x0000025094b84000 JavaThread "jar transforms Thread 48" [_thread_blocked, id=13792, stack(0x000000d786400000,0x000000d786500000)]
  0x0000025096ff6000 JavaThread "jar transforms Thread 49" [_thread_blocked, id=748, stack(0x000000d786500000,0x000000d786600000)]
  0x0000025096ff8800 JavaThread "jar transforms Thread 50" [_thread_blocked, id=8380, stack(0x000000d786600000,0x000000d786700000)]
  0x0000025096ff9800 JavaThread "jar transforms Thread 51" [_thread_blocked, id=8332, stack(0x000000d786700000,0x000000d786800000)]
  0x0000025096ffa000 JavaThread "jar transforms Thread 52" [_thread_blocked, id=2632, stack(0x000000d786800000,0x000000d786900000)]
  0x0000025096ff4800 JavaThread "jar transforms Thread 53" [_thread_blocked, id=9204, stack(0x000000d786900000,0x000000d786a00000)]
  0x0000025096ff7000 JavaThread "jar transforms Thread 54" [_thread_blocked, id=9856, stack(0x000000d786a00000,0x000000d786b00000)]
  0x0000025096ff7800 JavaThread "jar transforms Thread 55" [_thread_blocked, id=8644, stack(0x000000d786b00000,0x000000d786c00000)]
  0x0000025096ffb000 JavaThread "jar transforms Thread 56" [_thread_blocked, id=14504, stack(0x000000d786c00000,0x000000d786d00000)]
  0x0000025096ff5000 JavaThread "jar transforms Thread 57" [_thread_blocked, id=13008, stack(0x000000d786d00000,0x000000d786e00000)]
  0x0000025096ffb800 JavaThread "jar transforms Thread 58" [_thread_blocked, id=1256, stack(0x000000d786e00000,0x000000d786f00000)]
  0x0000025096ffd800 JavaThread "jar transforms Thread 59" [_thread_blocked, id=14372, stack(0x000000d786f00000,0x000000d787000000)]
  0x0000025097001800 JavaThread "jar transforms Thread 60" [_thread_blocked, id=3576, stack(0x000000d787000000,0x000000d787100000)]
  0x0000025097000000 JavaThread "jar transforms Thread 61" [_thread_blocked, id=8240, stack(0x000000d787100000,0x000000d787200000)]
  0x0000025097002000 JavaThread "jar transforms Thread 62" [_thread_blocked, id=5072, stack(0x000000d787200000,0x000000d787300000)]
  0x0000025097000800 JavaThread "jar transforms Thread 63" [_thread_blocked, id=15000, stack(0x000000d787300000,0x000000d787400000)]
  0x0000025096ffc800 JavaThread "jar transforms Thread 64" [_thread_blocked, id=8688, stack(0x000000d787400000,0x000000d787500000)]
  0x0000025097003000 JavaThread "jar transforms Thread 65" [_thread_blocked, id=10680, stack(0x000000d787500000,0x000000d787600000)]
  0x0000025096ffe000 JavaThread "jar transforms Thread 66" [_thread_blocked, id=5792, stack(0x000000d787600000,0x000000d787700000)]
  0x0000025096fff000 JavaThread "jar transforms Thread 67" [_thread_blocked, id=14284, stack(0x000000d787700000,0x000000d787800000)]
  0x0000025098afc800 JavaThread "jar transforms Thread 68" [_thread_blocked, id=14112, stack(0x000000d787800000,0x000000d787900000)]
  0x0000025098afd800 JavaThread "jar transforms Thread 69" [_thread_blocked, id=9068, stack(0x000000d787900000,0x000000d787a00000)]
  0x0000025098aff000 JavaThread "jar transforms Thread 70" [_thread_blocked, id=6216, stack(0x000000d787a00000,0x000000d787b00000)]
  0x0000025098b00800 JavaThread "jar transforms Thread 71" [_thread_blocked, id=10988, stack(0x000000d787b00000,0x000000d787c00000)]
  0x0000025098b01800 JavaThread "jar transforms Thread 72" [_thread_blocked, id=14232, stack(0x000000d787c00000,0x000000d787d00000)]
  0x0000025098aff800 JavaThread "jar transforms Thread 73" [_thread_blocked, id=5296, stack(0x000000d787d00000,0x000000d787e00000)]
  0x0000025098afb800 JavaThread "jar transforms Thread 74" [_thread_blocked, id=9088, stack(0x000000d787e00000,0x000000d787f00000)]
  0x0000025098b04000 JavaThread "jar transforms Thread 75" [_thread_blocked, id=8592, stack(0x000000d787f00000,0x000000d788000000)]
  0x0000025098b02000 JavaThread "jar transforms Thread 76" [_thread_blocked, id=8196, stack(0x000000d788000000,0x000000d788100000)]
  0x0000025098b03000 JavaThread "jar transforms Thread 77" [_thread_blocked, id=14556, stack(0x000000d788100000,0x000000d788200000)]
  0x0000025098afe000 JavaThread "jar transforms Thread 78" [_thread_blocked, id=2760, stack(0x000000d788200000,0x000000d788300000)]
  0x0000025098b05800 JavaThread "jar transforms Thread 79" [_thread_blocked, id=5980, stack(0x000000d788300000,0x000000d788400000)]
  0x0000025098b06000 JavaThread "jar transforms Thread 80" [_thread_blocked, id=5212, stack(0x000000d788400000,0x000000d788500000)]
  0x0000025098b09800 JavaThread "jar transforms Thread 81" [_thread_blocked, id=10692, stack(0x000000d788500000,0x000000d788600000)]
  0x0000025098b07000 JavaThread "jar transforms Thread 82" [_thread_blocked, id=13976, stack(0x000000d788600000,0x000000d788700000)]
  0x0000025098b08000 JavaThread "jar transforms Thread 83" [_thread_blocked, id=8652, stack(0x000000d788700000,0x000000d788800000)]
  0x0000025098b08800 JavaThread "jar transforms Thread 84" [_thread_blocked, id=5920, stack(0x000000d788800000,0x000000d788900000)]
  0x0000025098b0a800 JavaThread "jar transforms Thread 85" [_thread_blocked, id=11524, stack(0x000000d788900000,0x000000d788a00000)]
  0x0000025098b04800 JavaThread "jar transforms Thread 86" [_thread_blocked, id=12592, stack(0x000000d788a00000,0x000000d788b00000)]
  0x00000250958f1000 JavaThread "jar transforms Thread 87" [_thread_blocked, id=10768, stack(0x000000d788b00000,0x000000d788c00000)]
  0x00000250958ef800 JavaThread "jar transforms Thread 88" [_thread_blocked, id=7832, stack(0x000000d788c00000,0x000000d788d00000)]
  0x00000250958f0800 JavaThread "jar transforms Thread 89" [_thread_blocked, id=14820, stack(0x000000d788d00000,0x000000d788e00000)]
  0x00000250958f2000 JavaThread "jar transforms Thread 90" [_thread_blocked, id=12884, stack(0x000000d788e00000,0x000000d788f00000)]
  0x00000250958ee000 JavaThread "jar transforms Thread 91" [_thread_blocked, id=5704, stack(0x000000d788f00000,0x000000d789000000)]
  0x00000250958ec000 JavaThread "jar transforms Thread 92" [_thread_blocked, id=3572, stack(0x000000d789000000,0x000000d789100000)]
  0x00000250958f2800 JavaThread "jar transforms Thread 93" [_thread_blocked, id=7512, stack(0x000000d789100000,0x000000d789200000)]
  0x00000250958ed000 JavaThread "jar transforms Thread 94" [_thread_blocked, id=6392, stack(0x000000d789200000,0x000000d789300000)]
  0x00000250958f3800 JavaThread "jar transforms Thread 95" [_thread_blocked, id=7244, stack(0x000000d789300000,0x000000d789400000)]
  0x00000250958f4800 JavaThread "jar transforms Thread 96" [_thread_blocked, id=6776, stack(0x000000d789400000,0x000000d789500000)]
  0x00000250958ee800 JavaThread "jar transforms Thread 97" [_thread_blocked, id=5152, stack(0x000000d789500000,0x000000d789600000)]
  0x00000250958f5000 JavaThread "jar transforms Thread 98" [_thread_blocked, id=11660, stack(0x000000d789600000,0x000000d789700000)]
  0x00000250958f9000 JavaThread "jar transforms Thread 99" [_thread_blocked, id=11888, stack(0x000000d789700000,0x000000d789800000)]
  0x00000250958f6000 JavaThread "jar transforms Thread 100" [_thread_blocked, id=2844, stack(0x000000d789800000,0x000000d789900000)]
  0x00000250958f7000 JavaThread "jar transforms Thread 101" [_thread_blocked, id=3484, stack(0x000000d789900000,0x000000d789a00000)]
  0x00000250958fa000 JavaThread "jar transforms Thread 102" [_thread_blocked, id=8008, stack(0x000000d789a00000,0x000000d789b00000)]
  0x00000250958f8800 JavaThread "jar transforms Thread 103" [_thread_blocked, id=8412, stack(0x000000d789b00000,0x000000d789c00000)]
  0x00000250958f7800 JavaThread "jar transforms Thread 104" [_thread_blocked, id=8000, stack(0x000000d789c00000,0x000000d789d00000)]
  0x00000250958fb000 JavaThread "jar transforms Thread 105" [_thread_blocked, id=5568, stack(0x000000d789d00000,0x000000d789e00000)]
  0x00000250986ae000 JavaThread "jar transforms Thread 106" [_thread_blocked, id=14404, stack(0x000000d789e00000,0x000000d789f00000)]
  0x00000250986ad000 JavaThread "jar transforms Thread 107" [_thread_blocked, id=8300, stack(0x000000d789f00000,0x000000d78a000000)]
  0x00000250986a8000 JavaThread "jar transforms Thread 108" [_thread_blocked, id=11968, stack(0x000000d78a000000,0x000000d78a100000)]
  0x00000250986ae800 JavaThread "jar transforms Thread 109" [_thread_blocked, id=14252, stack(0x000000d78a100000,0x000000d78a200000)]
  0x00000250986aa800 JavaThread "jar transforms Thread 110" [_thread_blocked, id=9532, stack(0x000000d78a200000,0x000000d78a300000)]
  0x00000250986ac000 JavaThread "jar transforms Thread 111" [_thread_blocked, id=816, stack(0x000000d78a300000,0x000000d78a400000)]
  0x00000250986a9000 JavaThread "jar transforms Thread 112" [_thread_blocked, id=2016, stack(0x000000d78a400000,0x000000d78a500000)]
  0x00000250986af800 JavaThread "jar transforms Thread 113" [_thread_blocked, id=11148, stack(0x000000d78a500000,0x000000d78a600000)]
  0x00000250986a9800 JavaThread "jar transforms Thread 114" [_thread_blocked, id=11364, stack(0x000000d78a600000,0x000000d78a700000)]
  0x00000250986b1000 JavaThread "jar transforms Thread 115" [_thread_blocked, id=4784, stack(0x000000d78a700000,0x000000d78a800000)]
  0x00000250986b0800 JavaThread "jar transforms Thread 116" [_thread_blocked, id=6328, stack(0x000000d78a800000,0x000000d78a900000)]
  0x00000250986ab800 JavaThread "jar transforms Thread 117" [_thread_blocked, id=428, stack(0x000000d78a900000,0x000000d78aa00000)]
  0x00000250986b4800 JavaThread "jar transforms Thread 118" [_thread_blocked, id=14980, stack(0x000000d78aa00000,0x000000d78ab00000)]
  0x00000250986b5000 JavaThread "jar transforms Thread 119" [_thread_blocked, id=10788, stack(0x000000d78ab00000,0x000000d78ac00000)]
  0x00000250986b7000 JavaThread "jar transforms Thread 120" [_thread_blocked, id=10896, stack(0x000000d78ac00000,0x000000d78ad00000)]
  0x00000250986b2000 JavaThread "jar transforms Thread 121" [_thread_blocked, id=13100, stack(0x000000d78ad00000,0x000000d78ae00000)]
  0x00000250986b6000 JavaThread "Memory manager" [_thread_blocked, id=1068, stack(0x000000d78ae00000,0x000000d78af00000)]
  0x0000025096bbd000 JavaThread "C2 CompilerThread1" daemon [_thread_blocked, id=12176, stack(0x000000d780400000,0x000000d780500000)]

Other Threads:
  0x00000250ff4c5800 VMThread "VM Thread" [stack: 0x000000d780c00000,0x000000d780d00000] [id=14796]
  0x00000250931a8000 WatcherThread [stack: 0x000000d781600000,0x000000d781700000] [id=8056]
  0x00000250f69b3000 GCTaskThread "GC Thread#0" [stack: 0x000000d780700000,0x000000d780800000] [id=6832]
  0x000002509356c800 GCTaskThread "GC Thread#1" [stack: 0x000000d781700000,0x000000d781800000] [id=14912]
  0x000002509356d000 GCTaskThread "GC Thread#2" [stack: 0x000000d781800000,0x000000d781900000] [id=1384]
  0x0000025095a3a800 GCTaskThread "GC Thread#3" [stack: 0x000000d782500000,0x000000d782600000] [id=11936]
  0x00000250f69e3800 ConcurrentGCThread "G1 Main Marker" [stack: 0x000000d780800000,0x000000d780900000] [id=8064]
  0x00000250f69e6000 ConcurrentGCThread "G1 Conc#0" [stack: 0x000000d780900000,0x000000d780a00000] [id=7548]
  0x00000250f6a73000 ConcurrentGCThread "G1 Refine#0" [stack: 0x000000d780a00000,0x000000d780b00000] [id=9588]
  0x00000250f6a74000 ConcurrentGCThread "G1 Young RemSet Sampling" [stack: 0x000000d780b00000,0x000000d780c00000] [id=5304]

Threads with active compile tasks:
C2 CompilerThread0  44134 7381 %     4       org.gradle.internal.instantiation.generator.AbstractClassGenerator::inspectType @ 207 (560 bytes)

VM state:not at safepoint (normal execution)

VM Mutex/Monitor currently owned by a thread: None

Heap address: 0x0000000080000000, size: 2048 MB, Compressed Oops mode: 32-bit
Narrow klass base: 0x0000000000000000, Narrow klass shift: 3
Compressed class space size: 1073741824 Address: 0x0000000100000000

Heap:
 garbage-first heap   total 131072K, used 108070K [0x0000000080000000, 0x0000000100000000)
  region size 1024K, 22 young (22528K), 4 survivors (4096K)
 Metaspace       used 78081K, capacity 80068K, committed 80336K, reserved 1118208K
  class space    used 10036K, capacity 10673K, committed 10752K, reserved 1048576K
Heap Regions: E=young(eden), S=young(survivor), O=old, HS=humongous(starts), HC=humongous(continues), CS=collection set, F=free, A=archive, TAMS=top-at-mark-start (previous, next)
|   0|0x0000000080000000, 0x0000000080100000, 0x0000000080100000|100%| O|  |TAMS 0x0000000080100000, 0x0000000080000000| Untracked 
|   1|0x0000000080100000, 0x0000000080200000, 0x0000000080200000|100%| O|  |TAMS 0x0000000080200000, 0x0000000080100000| Untracked 
|   2|0x0000000080200000, 0x0000000080300000, 0x0000000080300000|100%| O|  |TAMS 0x0000000080300000, 0x0000000080200000| Untracked 
|   3|0x0000000080300000, 0x0000000080400000, 0x0000000080400000|100%|HS|  |TAMS 0x0000000080400000, 0x0000000080300000| Complete 
|   4|0x0000000080400000, 0x0000000080500000, 0x0000000080500000|100%|HC|  |TAMS 0x0000000080500000, 0x0000000080400000| Complete 
|   5|0x0000000080500000, 0x0000000080600000, 0x0000000080600000|100%|HC|  |TAMS 0x0000000080600000, 0x0000000080500000| Complete 
|   6|0x0000000080600000, 0x0000000080700000, 0x0000000080700000|100%| O|  |TAMS 0x0000000080700000, 0x0000000080600000| Untracked 
|   7|0x0000000080700000, 0x0000000080800000, 0x0000000080800000|100%| O|  |TAMS 0x0000000080800000, 0x0000000080700000| Untracked 
|   8|0x0000000080800000, 0x0000000080900000, 0x0000000080900000|100%| O|  |TAMS 0x0000000080900000, 0x0000000080800000| Untracked 
|   9|0x0000000080900000, 0x0000000080a00000, 0x0000000080a00000|100%| O|  |TAMS 0x0000000080a00000, 0x0000000080900000| Untracked 
|  10|0x0000000080a00000, 0x0000000080b00000, 0x0000000080b00000|100%| O|  |TAMS 0x0000000080b00000, 0x0000000080a00000| Untracked 
|  11|0x0000000080b00000, 0x0000000080c00000, 0x0000000080c00000|100%| O|  |TAMS 0x0000000080c00000, 0x0000000080b00000| Untracked 
|  12|0x0000000080c00000, 0x0000000080d00000, 0x0000000080d00000|100%| O|  |TAMS 0x0000000080d00000, 0x0000000080c00000| Untracked 
|  13|0x0000000080d00000, 0x0000000080e00000, 0x0000000080e00000|100%|HS|  |TAMS 0x0000000080e00000, 0x0000000080d00000| Complete 
|  14|0x0000000080e00000, 0x0000000080f00000, 0x0000000080f00000|100%|HC|  |TAMS 0x0000000080f00000, 0x0000000080e00000| Complete 
|  15|0x0000000080f00000, 0x0000000081000000, 0x0000000081000000|100%|HS|  |TAMS 0x0000000081000000, 0x0000000080f00000| Complete 
|  16|0x0000000081000000, 0x0000000081100000, 0x0000000081100000|100%|HC|  |TAMS 0x0000000081100000, 0x0000000081000000| Complete 
|  17|0x0000000081100000, 0x0000000081200000, 0x0000000081200000|100%|HC|  |TAMS 0x0000000081200000, 0x0000000081100000| Complete 
|  18|0x0000000081200000, 0x0000000081300000, 0x0000000081300000|100%|HS|  |TAMS 0x0000000081300000, 0x0000000081200000| Complete 
|  19|0x0000000081300000, 0x0000000081400000, 0x0000000081400000|100%|HC|  |TAMS 0x0000000081400000, 0x0000000081300000| Complete 
|  20|0x0000000081400000, 0x0000000081500000, 0x0000000081500000|100%|HC|  |TAMS 0x0000000081500000, 0x0000000081400000| Complete 
|  21|0x0000000081500000, 0x0000000081600000, 0x0000000081600000|100%|HC|  |TAMS 0x0000000081600000, 0x0000000081500000| Complete 
|  22|0x0000000081600000, 0x0000000081700000, 0x0000000081700000|100%|HC|  |TAMS 0x0000000081700000, 0x0000000081600000| Complete 
|  23|0x0000000081700000, 0x0000000081800000, 0x0000000081800000|100%| O|  |TAMS 0x0000000081800000, 0x0000000081700000| Untracked 
|  24|0x0000000081800000, 0x0000000081900000, 0x0000000081900000|100%| O|  |TAMS 0x0000000081900000, 0x0000000081800000| Untracked 
|  25|0x0000000081900000, 0x0000000081a00000, 0x0000000081a00000|100%| O|  |TAMS 0x0000000081a00000, 0x0000000081900000| Untracked 
|  26|0x0000000081a00000, 0x0000000081b00000, 0x0000000081b00000|100%| O|  |TAMS 0x0000000081b00000, 0x0000000081a00000| Untracked 
|  27|0x0000000081b00000, 0x0000000081c00000, 0x0000000081c00000|100%| O|  |TAMS 0x0000000081c00000, 0x0000000081b00000| Untracked 
|  28|0x0000000081c00000, 0x0000000081d00000, 0x0000000081d00000|100%| O|  |TAMS 0x0000000081d00000, 0x0000000081c00000| Untracked 
|  29|0x0000000081d00000, 0x0000000081e00000, 0x0000000081e00000|100%|HS|  |TAMS 0x0000000081e00000, 0x0000000081d00000| Complete 
|  30|0x0000000081e00000, 0x0000000081f00000, 0x0000000081f00000|100%|HC|  |TAMS 0x0000000081f00000, 0x0000000081e00000| Complete 
|  31|0x0000000081f00000, 0x0000000082000000, 0x0000000082000000|100%|HC|  |TAMS 0x0000000082000000, 0x0000000081f00000| Complete 
|  32|0x0000000082000000, 0x0000000082100000, 0x0000000082100000|100%|HC|  |TAMS 0x0000000082100000, 0x0000000082000000| Complete 
|  33|0x0000000082100000, 0x0000000082200000, 0x0000000082200000|100%|HC|  |TAMS 0x0000000082200000, 0x0000000082100000| Complete 
|  34|0x0000000082200000, 0x0000000082300000, 0x0000000082300000|100%|HS|  |TAMS 0x0000000082300000, 0x0000000082200000| Complete 
|  35|0x0000000082300000, 0x0000000082400000, 0x0000000082400000|100%|HC|  |TAMS 0x0000000082400000, 0x0000000082300000| Complete 
|  36|0x0000000082400000, 0x0000000082500000, 0x0000000082500000|100%|HC|  |TAMS 0x0000000082500000, 0x0000000082400000| Complete 
|  37|0x0000000082500000, 0x0000000082600000, 0x0000000082600000|100%| O|  |TAMS 0x0000000082600000, 0x0000000082500000| Untracked 
|  38|0x0000000082600000, 0x0000000082700000, 0x0000000082700000|100%| O|  |TAMS 0x0000000082700000, 0x0000000082600000| Untracked 
|  39|0x0000000082700000, 0x0000000082800000, 0x0000000082800000|100%| O|  |TAMS 0x0000000082800000, 0x0000000082700000| Untracked 
|  40|0x0000000082800000, 0x0000000082900000, 0x0000000082900000|100%| O|  |TAMS 0x0000000082900000, 0x0000000082800000| Untracked 
|  41|0x0000000082900000, 0x0000000082a00000, 0x0000000082a00000|100%| O|  |TAMS 0x0000000082a00000, 0x0000000082900000| Untracked 
|  42|0x0000000082a00000, 0x0000000082b00000, 0x0000000082b00000|100%| O|  |TAMS 0x0000000082b00000, 0x0000000082a00000| Untracked 
|  43|0x0000000082b00000, 0x0000000082c00000, 0x0000000082c00000|100%| O|  |TAMS 0x0000000082c00000, 0x0000000082b00000| Untracked 
|  44|0x0000000082c00000, 0x0000000082d00000, 0x0000000082d00000|100%| O|  |TAMS 0x0000000082d00000, 0x0000000082c00000| Untracked 
|  45|0x0000000082d00000, 0x0000000082e00000, 0x0000000082e00000|100%| O|  |TAMS 0x0000000082e00000, 0x0000000082d00000| Untracked 
|  46|0x0000000082e00000, 0x0000000082f00000, 0x0000000082f00000|100%| O|  |TAMS 0x0000000082f00000, 0x0000000082e00000| Untracked 
|  47|0x0000000082f00000, 0x0000000083000000, 0x0000000083000000|100%| O|  |TAMS 0x0000000083000000, 0x0000000082f00000| Untracked 
|  48|0x0000000083000000, 0x0000000083100000, 0x0000000083100000|100%| O|  |TAMS 0x0000000083100000, 0x0000000083000000| Untracked 
|  49|0x0000000083100000, 0x0000000083200000, 0x0000000083200000|100%| O|  |TAMS 0x0000000083200000, 0x0000000083100000| Untracked 
|  50|0x0000000083200000, 0x0000000083300000, 0x0000000083300000|100%|HS|  |TAMS 0x0000000083300000, 0x0000000083200000| Complete 
|  51|0x0000000083300000, 0x0000000083400000, 0x0000000083400000|100%|HS|  |TAMS 0x0000000083400000, 0x0000000083300000| Complete 
|  52|0x0000000083400000, 0x0000000083500000, 0x0000000083500000|100%|HS|  |TAMS 0x0000000083500000, 0x0000000083400000| Complete 
|  53|0x0000000083500000, 0x0000000083600000, 0x0000000083600000|100%|HC|  |TAMS 0x0000000083600000, 0x0000000083500000| Complete 
|  54|0x0000000083600000, 0x0000000083700000, 0x0000000083700000|100%|HC|  |TAMS 0x0000000083700000, 0x0000000083600000| Complete 
|  55|0x0000000083700000, 0x0000000083800000, 0x0000000083800000|100%|HS|  |TAMS 0x0000000083800000, 0x0000000083700000| Complete 
|  56|0x0000000083800000, 0x0000000083900000, 0x0000000083900000|100%|HC|  |TAMS 0x0000000083900000, 0x0000000083800000| Complete 
|  57|0x0000000083900000, 0x0000000083a00000, 0x0000000083a00000|100%| O|  |TAMS 0x0000000083a00000, 0x0000000083900000| Untracked 
|  58|0x0000000083a00000, 0x0000000083b00000, 0x0000000083b00000|100%| O|  |TAMS 0x0000000083b00000, 0x0000000083a00000| Untracked 
|  59|0x0000000083b00000, 0x0000000083c00000, 0x0000000083c00000|100%| O|  |TAMS 0x0000000083c00000, 0x0000000083b00000| Untracked 
|  60|0x0000000083c00000, 0x0000000083d00000, 0x0000000083d00000|100%| O|  |TAMS 0x0000000083d00000, 0x0000000083c00000| Untracked 
|  61|0x0000000083d00000, 0x0000000083e00000, 0x0000000083e00000|100%| O|  |TAMS 0x0000000083e00000, 0x0000000083d00000| Untracked 
|  62|0x0000000083e00000, 0x0000000083f00000, 0x0000000083f00000|100%| O|  |TAMS 0x0000000083f00000, 0x0000000083e00000| Untracked 
|  63|0x0000000083f00000, 0x0000000084000000, 0x0000000084000000|100%| O|  |TAMS 0x0000000084000000, 0x0000000083f00000| Untracked 
|  64|0x0000000084000000, 0x0000000084100000, 0x0000000084100000|100%| O|  |TAMS 0x0000000084100000, 0x0000000084000000| Untracked 
|  65|0x0000000084100000, 0x0000000084200000, 0x0000000084200000|100%| O|  |TAMS 0x0000000084200000, 0x0000000084100000| Untracked 
|  66|0x0000000084200000, 0x0000000084300000, 0x0000000084300000|100%| O|  |TAMS 0x0000000084300000, 0x0000000084200000| Untracked 
|  67|0x0000000084300000, 0x0000000084400000, 0x0000000084400000|100%| O|  |TAMS 0x0000000084400000, 0x0000000084300000| Untracked 
|  68|0x0000000084400000, 0x0000000084500000, 0x0000000084500000|100%| O|  |TAMS 0x0000000084500000, 0x0000000084400000| Untracked 
|  69|0x0000000084500000, 0x0000000084600000, 0x0000000084600000|100%| O|  |TAMS 0x0000000084600000, 0x0000000084500000| Untracked 
|  70|0x0000000084600000, 0x0000000084700000, 0x0000000084700000|100%| O|  |TAMS 0x0000000084700000, 0x0000000084600000| Untracked 
|  71|0x0000000084700000, 0x0000000084800000, 0x0000000084800000|100%| O|  |TAMS 0x0000000084800000, 0x0000000084700000| Untracked 
|  72|0x0000000084800000, 0x0000000084900000, 0x0000000084900000|100%| O|  |TAMS 0x0000000084900000, 0x0000000084800000| Untracked 
|  73|0x0000000084900000, 0x0000000084a00000, 0x0000000084a00000|100%| O|  |TAMS 0x0000000084a00000, 0x0000000084900000| Untracked 
|  74|0x0000000084a00000, 0x0000000084b00000, 0x0000000084b00000|100%| O|  |TAMS 0x0000000084b00000, 0x0000000084a00000| Untracked 
|  75|0x0000000084b00000, 0x0000000084c00000, 0x0000000084c00000|100%| O|  |TAMS 0x0000000084c00000, 0x0000000084b00000| Untracked 
|  76|0x0000000084c00000, 0x0000000084d00000, 0x0000000084d00000|100%| O|  |TAMS 0x0000000084d00000, 0x0000000084c00000| Untracked 
|  77|0x0000000084d00000, 0x0000000084e00000, 0x0000000084e00000|100%| O|  |TAMS 0x0000000084e00000, 0x0000000084d00000| Untracked 
|  78|0x0000000084e00000, 0x0000000084f00000, 0x0000000084f00000|100%| O|  |TAMS 0x0000000084f00000, 0x0000000084e00000| Untracked 
|  79|0x0000000084f00000, 0x0000000085000000, 0x0000000085000000|100%| O|  |TAMS 0x0000000085000000, 0x0000000084f00000| Untracked 
|  80|0x0000000085000000, 0x0000000085100000, 0x0000000085100000|100%| O|  |TAMS 0x0000000085100000, 0x0000000085000000| Untracked 
|  81|0x0000000085100000, 0x0000000085200000, 0x0000000085200000|100%| O|  |TAMS 0x0000000085200000, 0x0000000085100000| Untracked 
|  82|0x0000000085200000, 0x0000000085300000, 0x0000000085300000|100%| O|  |TAMS 0x0000000085300000, 0x0000000085200000| Untracked 
|  83|0x0000000085300000, 0x0000000085400000, 0x0000000085400000|100%| O|  |TAMS 0x0000000085400000, 0x0000000085300000| Untracked 
|  84|0x0000000085400000, 0x0000000085500000, 0x0000000085500000|100%| O|  |TAMS 0x0000000085500000, 0x0000000085400000| Untracked 
|  85|0x0000000085500000, 0x0000000085511800, 0x0000000085600000|  6%| O|  |TAMS 0x0000000085511800, 0x0000000085500000| Untracked 
|  86|0x0000000085600000, 0x0000000085600000, 0x0000000085700000|  0%| F|  |TAMS 0x0000000085600000, 0x0000000085600000| Untracked 
|  87|0x0000000085700000, 0x0000000085700000, 0x0000000085800000|  0%| F|  |TAMS 0x0000000085700000, 0x0000000085700000| Untracked 
|  88|0x0000000085800000, 0x0000000085800000, 0x0000000085900000|  0%| F|  |TAMS 0x0000000085800000, 0x0000000085800000| Untracked 
|  89|0x0000000085900000, 0x0000000085900000, 0x0000000085a00000|  0%| F|  |TAMS 0x0000000085900000, 0x0000000085900000| Untracked 
|  90|0x0000000085a00000, 0x0000000085a00000, 0x0000000085b00000|  0%| F|  |TAMS 0x0000000085a00000, 0x0000000085a00000| Untracked 
|  91|0x0000000085b00000, 0x0000000085b00000, 0x0000000085c00000|  0%| F|  |TAMS 0x0000000085b00000, 0x0000000085b00000| Untracked 
|  92|0x0000000085c00000, 0x0000000085c00000, 0x0000000085d00000|  0%| F|  |TAMS 0x0000000085c00000, 0x0000000085c00000| Untracked 
|  93|0x0000000085d00000, 0x0000000085d00000, 0x0000000085e00000|  0%| F|  |TAMS 0x0000000085d00000, 0x0000000085d00000| Untracked 
|  94|0x0000000085e00000, 0x0000000085e00000, 0x0000000085f00000|  0%| F|  |TAMS 0x0000000085e00000, 0x0000000085e00000| Untracked 
|  95|0x0000000085f00000, 0x0000000085f00000, 0x0000000086000000|  0%| F|  |TAMS 0x0000000085f00000, 0x0000000085f00000| Untracked 
|  96|0x0000000086000000, 0x0000000086000000, 0x0000000086100000|  0%| F|  |TAMS 0x0000000086000000, 0x0000000086000000| Untracked 
|  97|0x0000000086100000, 0x0000000086100000, 0x0000000086200000|  0%| F|  |TAMS 0x0000000086100000, 0x0000000086100000| Untracked 
|  98|0x0000000086200000, 0x0000000086200000, 0x0000000086300000|  0%| F|  |TAMS 0x0000000086200000, 0x0000000086200000| Untracked 
|  99|0x0000000086300000, 0x0000000086378360, 0x0000000086400000| 46%| S|CS|TAMS 0x0000000086300000, 0x0000000086300000| Complete 
| 100|0x0000000086400000, 0x0000000086400000, 0x0000000086500000|  0%| F|  |TAMS 0x0000000086400000, 0x0000000086400000| Untracked 
| 101|0x0000000086500000, 0x0000000086500000, 0x0000000086600000|  0%| F|  |TAMS 0x0000000086500000, 0x0000000086500000| Untracked 
| 102|0x0000000086600000, 0x0000000086700000, 0x0000000086700000|100%| S|CS|TAMS 0x0000000086600000, 0x0000000086600000| Complete 
| 103|0x0000000086700000, 0x0000000086800000, 0x0000000086800000|100%| S|CS|TAMS 0x0000000086700000, 0x0000000086700000| Complete 
| 104|0x0000000086800000, 0x0000000086800000, 0x0000000086900000|  0%| F|  |TAMS 0x0000000086800000, 0x0000000086800000| Untracked 
| 105|0x0000000086900000, 0x0000000086a00000, 0x0000000086a00000|100%| S|CS|TAMS 0x0000000086900000, 0x0000000086900000| Complete 
| 106|0x0000000086a00000, 0x0000000086a00000, 0x0000000086b00000|  0%| F|  |TAMS 0x0000000086a00000, 0x0000000086a00000| Untracked 
| 107|0x0000000086b00000, 0x0000000086b00000, 0x0000000086c00000|  0%| F|  |TAMS 0x0000000086b00000, 0x0000000086b00000| Untracked 
| 108|0x0000000086c00000, 0x0000000086c00000, 0x0000000086d00000|  0%| F|  |TAMS 0x0000000086c00000, 0x0000000086c00000| Untracked 
| 109|0x0000000086d00000, 0x0000000086d00000, 0x0000000086e00000|  0%| F|  |TAMS 0x0000000086d00000, 0x0000000086d00000| Untracked 
| 110|0x0000000086e00000, 0x0000000086ec3438, 0x0000000086f00000| 76%| E|  |TAMS 0x0000000086e00000, 0x0000000086e00000| Complete 
| 111|0x0000000086f00000, 0x0000000087000000, 0x0000000087000000|100%| E|CS|TAMS 0x0000000086f00000, 0x0000000086f00000| Complete 
| 112|0x0000000087000000, 0x0000000087100000, 0x0000000087100000|100%| E|CS|TAMS 0x0000000087000000, 0x0000000087000000| Complete 
| 113|0x0000000087100000, 0x0000000087200000, 0x0000000087200000|100%| E|CS|TAMS 0x0000000087100000, 0x0000000087100000| Complete 
| 114|0x0000000087200000, 0x0000000087300000, 0x0000000087300000|100%| E|CS|TAMS 0x0000000087200000, 0x0000000087200000| Complete 
| 115|0x0000000087300000, 0x0000000087400000, 0x0000000087400000|100%| E|CS|TAMS 0x0000000087300000, 0x0000000087300000| Complete 
| 116|0x0000000087400000, 0x0000000087500000, 0x0000000087500000|100%| E|CS|TAMS 0x0000000087400000, 0x0000000087400000| Complete 
| 117|0x0000000087500000, 0x0000000087600000, 0x0000000087600000|100%| E|CS|TAMS 0x0000000087500000, 0x0000000087500000| Complete 
| 118|0x0000000087600000, 0x0000000087700000, 0x0000000087700000|100%| E|CS|TAMS 0x0000000087600000, 0x0000000087600000| Complete 
| 119|0x0000000087700000, 0x0000000087800000, 0x0000000087800000|100%| E|CS|TAMS 0x0000000087700000, 0x0000000087700000| Complete 
| 120|0x0000000087800000, 0x0000000087900000, 0x0000000087900000|100%| E|CS|TAMS 0x0000000087800000, 0x0000000087800000| Complete 
| 121|0x0000000087900000, 0x0000000087a00000, 0x0000000087a00000|100%| E|CS|TAMS 0x0000000087900000, 0x0000000087900000| Complete 
| 122|0x0000000087a00000, 0x0000000087b00000, 0x0000000087b00000|100%| E|CS|TAMS 0x0000000087a00000, 0x0000000087a00000| Complete 
| 123|0x0000000087b00000, 0x0000000087c00000, 0x0000000087c00000|100%| E|CS|TAMS 0x0000000087b00000, 0x0000000087b00000| Complete 
| 124|0x0000000087c00000, 0x0000000087d00000, 0x0000000087d00000|100%| E|CS|TAMS 0x0000000087c00000, 0x0000000087c00000| Complete 
| 125|0x0000000087d00000, 0x0000000087e00000, 0x0000000087e00000|100%| E|CS|TAMS 0x0000000087d00000, 0x0000000087d00000| Complete 
| 126|0x0000000087e00000, 0x0000000087f00000, 0x0000000087f00000|100%| E|CS|TAMS 0x0000000087e00000, 0x0000000087e00000| Complete 
| 127|0x0000000087f00000, 0x0000000088000000, 0x0000000088000000|100%| E|CS|TAMS 0x0000000087f00000, 0x0000000087f00000| Complete 

Card table byte_map: [0x00000250fc690000,0x00000250fca90000] _byte_map_base: 0x00000250fc290000

Marking Bits (Prev, Next): (CMBitMap*) 0x00000250f69da918, (CMBitMap*) 0x00000250f69da950
 Prev Bits: [0x00000250fce90000, 0x00000250fee90000)
 Next Bits: [0x000002508f000000, 0x0000025091000000)

Polling page: 0x00000250fbc40000

Metaspace:

Usage:
  Non-class:     67.77 MB capacity,    66.45 MB ( 98%) used,     1.15 MB (  2%) free+waste,   176.94 KB ( <1%) overhead. 
      Class:     10.42 MB capacity,     9.80 MB ( 94%) used,   553.41 KB (  5%) free+waste,    83.00 KB ( <1%) overhead. 
       Both:     78.19 MB capacity,    76.25 MB ( 98%) used,     1.69 MB (  2%) free+waste,   259.94 KB ( <1%) overhead. 

Virtual space:
  Non-class space:       68.00 MB reserved,      67.95 MB (>99%) committed 
      Class space:        1.00 GB reserved,      10.50 MB (  1%) committed 
             Both:        1.07 GB reserved,      78.45 MB (  7%) committed 

Chunk freelists:
   Non-Class:  61.00 KB
       Class:  15.00 KB
        Both:  76.00 KB

MaxMetaspaceSize: 17179869184.00 GB
CompressedClassSpaceSize: 1.00 GB

CodeHeap 'non-profiled nmethods': size=120064Kb used=4650Kb max_used=4650Kb free=115413Kb
 bounds [0x0000025087ac0000, 0x0000025087f50000, 0x000002508f000000]
CodeHeap 'profiled nmethods': size=120000Kb used=16248Kb max_used=16248Kb free=103751Kb
 bounds [0x0000025080590000, 0x0000025081570000, 0x0000025087ac0000]
CodeHeap 'non-nmethods': size=5696Kb used=2249Kb max_used=2308Kb free=3446Kb
 bounds [0x0000025080000000, 0x0000025080270000, 0x0000025080590000]
 total_blobs=8185 nmethods=7340 adapters=754
 compilation: enabled
              stopped_count=0, restarted_count=0
 full_count=0

Compilation events (20 events):
Event: 43.317 Thread 0x0000025096bbd000 7397       4       java.util.regex.Matcher::search (154 bytes)
Event: 43.344 Thread 0x0000025096bbd000 nmethod 7397 0x0000025087f3ec10 code [0x0000025087f3ee00, 0x0000025087f3f4f8]
Event: 43.344 Thread 0x0000025096bbd000 7410       4       java.lang.AbstractStringBuilder::isLatin1 (19 bytes)
Event: 43.344 Thread 0x0000025096bbd000 nmethod 7410 0x0000025087f3fa90 code [0x0000025087f3fc20, 0x0000025087f3fc98]
Event: 43.344 Thread 0x0000025096bbd000 7413       4       java.lang.reflect.Method::getGenericParameterTypes (5 bytes)
Event: 43.597 Thread 0x0000025096bbd000 nmethod 7413 0x0000025087f3fd10 code [0x0000025087f400e0, 0x0000025087f42830]
Event: 43.734 Thread 0x0000025096bbd000 7418       4       sun.reflect.generics.visitor.Reifier::visitClassTypeSignature (381 bytes)
Event: 43.735 Thread 0x00000250ff51b000 7421       3       jdk.internal.misc.Unsafe::defineClass (39 bytes)
Event: 43.736 Thread 0x00000250ff51b000 nmethod 7421 0x000002508156d690 code [0x000002508156d880, 0x000002508156dba8]
Event: 43.738 Thread 0x00000250ff51b000 7423       3       java.util.regex.Pattern$TreeInfo::reset (21 bytes)
Event: 43.738 Thread 0x00000250ff51b000 nmethod 7423 0x000002508156dd10 code [0x000002508156dec0, 0x000002508156dfd8]
Event: 43.748 Thread 0x00000250ff51b000 7428       1       org.gradle.internal.instantiation.generator.AbstractClassGenerator$PropertyMetadata::access$2100 (5 bytes)
Event: 43.749 Thread 0x00000250ff51b000 nmethod 7428 0x0000025087f44590 code [0x0000025087f44740, 0x0000025087f447d8]
Event: 43.879 Thread 0x0000025096bbd000 nmethod 7418 0x0000025087f44890 code [0x0000025087f44c60, 0x0000025087f47168]
Event: 43.879 Thread 0x0000025096bbd000 7420       4       java.util.HashMap$HashIterator::<init> (79 bytes)
Event: 43.897 Thread 0x0000025096bbd000 nmethod 7420 0x0000025087f48b90 code [0x0000025087f48d20, 0x0000025087f490b8]
Event: 43.897 Thread 0x0000025096bbd000 7424       4       org.objectweb.asm.Frame::pop (44 bytes)
Event: 43.898 Thread 0x0000025096bbd000 nmethod 7424 0x0000025087f49210 code [0x0000025087f493a0, 0x0000025087f49438]
Event: 43.898 Thread 0x0000025096bbd000 7425       4       org.objectweb.asm.Frame::push (59 bytes)
Event: 43.964 Thread 0x0000025096bbd000 nmethod 7425 0x0000025087f49490 code [0x0000025087f49680, 0x0000025087f4a3b8]

GC Heap History (20 events):
Event: 29.666 GC heap before
{Heap before GC invocations=15 (full 0):
 garbage-first heap   total 131072K, used 103052K [0x0000000080000000, 0x0000000100000000)
  region size 1024K, 33 young (33792K), 2 survivors (2048K)
 Metaspace       used 58306K, capacity 59905K, committed 60112K, reserved 1101824K
  class space    used 7406K, capacity 7907K, committed 7936K, reserved 1048576K
}
Event: 29.682 GC heap after
{Heap after GC invocations=16 (full 0):
 garbage-first heap   total 131072K, used 74103K [0x0000000080000000, 0x0000000100000000)
  region size 1024K, 4 young (4096K), 4 survivors (4096K)
 Metaspace       used 58306K, capacity 59905K, committed 60112K, reserved 1101824K
  class space    used 7406K, capacity 7907K, committed 7936K, reserved 1048576K
}
Event: 30.647 GC heap before
{Heap before GC invocations=16 (full 0):
 garbage-first heap   total 131072K, used 94583K [0x0000000080000000, 0x0000000100000000)
  region size 1024K, 25 young (25600K), 4 survivors (4096K)
 Metaspace       used 60456K, capacity 62055K, committed 62288K, reserved 1103872K
  class space    used 7663K, capacity 8211K, committed 8320K, reserved 1048576K
}
Event: 30.658 GC heap after
{Heap after GC invocations=17 (full 0):
 garbage-first heap   total 131072K, used 75720K [0x0000000080000000, 0x0000000100000000)
  region size 1024K, 2 young (2048K), 2 survivors (2048K)
 Metaspace       used 60456K, capacity 62055K, committed 62288K, reserved 1103872K
  class space    used 7663K, capacity 8211K, committed 8320K, reserved 1048576K
}
Event: 32.233 GC heap before
{Heap before GC invocations=18 (full 0):
 garbage-first heap   total 131072K, used 104392K [0x0000000080000000, 0x0000000100000000)
  region size 1024K, 29 young (29696K), 2 survivors (2048K)
 Metaspace       used 63376K, capacity 64982K, committed 65104K, reserved 1105920K
  class space    used 8012K, capacity 8562K, committed 8576K, reserved 1048576K
}
Event: 32.240 GC heap after
{Heap after GC invocations=19 (full 0):
 garbage-first heap   total 131072K, used 76505K [0x0000000080000000, 0x0000000100000000)
  region size 1024K, 3 young (3072K), 3 survivors (3072K)
 Metaspace       used 63376K, capacity 64982K, committed 65104K, reserved 1105920K
  class space    used 8012K, capacity 8562K, committed 8576K, reserved 1048576K
}
Event: 32.981 GC heap before
{Heap before GC invocations=19 (full 0):
 garbage-first heap   total 131072K, used 104153K [0x0000000080000000, 0x0000000100000000)
  region size 1024K, 30 young (30720K), 3 survivors (3072K)
 Metaspace       used 64250K, capacity 65992K, committed 66128K, reserved 1105920K
  class space    used 8118K, capacity 8706K, committed 8832K, reserved 1048576K
}
Event: 32.997 GC heap after
{Heap after GC invocations=20 (full 0):
 garbage-first heap   total 131072K, used 79306K [0x0000000080000000, 0x0000000100000000)
  region size 1024K, 4 young (4096K), 4 survivors (4096K)
 Metaspace       used 64250K, capacity 65992K, committed 66128K, reserved 1105920K
  class space    used 8118K, capacity 8706K, committed 8832K, reserved 1048576K
}
Event: 35.120 GC heap before
{Heap before GC invocations=21 (full 0):
 garbage-first heap   total 131072K, used 105930K [0x0000000080000000, 0x0000000100000000)
  region size 1024K, 30 young (30720K), 4 survivors (4096K)
 Metaspace       used 65895K, capacity 67685K, committed 67792K, reserved 1107968K
  class space    used 8335K, capacity 8906K, committed 8960K, reserved 1048576K
}
Event: 35.138 GC heap after
{Heap after GC invocations=22 (full 0):
 garbage-first heap   total 131072K, used 81809K [0x0000000080000000, 0x0000000100000000)
  region size 1024K, 3 young (3072K), 3 survivors (3072K)
 Metaspace       used 65895K, capacity 67685K, committed 67792K, reserved 1107968K
  class space    used 8335K, capacity 8906K, committed 8960K, reserved 1048576K
}
Event: 38.412 GC heap before
{Heap before GC invocations=22 (full 0):
 garbage-first heap   total 131072K, used 106385K [0x0000000080000000, 0x0000000100000000)
  region size 1024K, 28 young (28672K), 3 survivors (3072K)
 Metaspace       used 69147K, capacity 70892K, committed 70992K, reserved 1110016K
  class space    used 8930K, capacity 9504K, committed 9600K, reserved 1048576K
}
Event: 38.421 GC heap after
{Heap after GC invocations=23 (full 0):
 garbage-first heap   total 131072K, used 83397K [0x0000000080000000, 0x0000000100000000)
  region size 1024K, 2 young (2048K), 2 survivors (2048K)
 Metaspace       used 69147K, capacity 70892K, committed 70992K, reserved 1110016K
  class space    used 8930K, capacity 9504K, committed 9600K, reserved 1048576K
}
Event: 39.510 GC heap before
{Heap before GC invocations=24 (full 0):
 garbage-first heap   total 131072K, used 108997K [0x0000000080000000, 0x0000000100000000)
  region size 1024K, 27 young (27648K), 2 survivors (2048K)
 Metaspace       used 70137K, capacity 71880K, committed 72144K, reserved 1112064K
  class space    used 9066K, capacity 9661K, committed 9728K, reserved 1048576K
}
Event: 39.523 GC heap after
{Heap after GC invocations=25 (full 0):
 garbage-first heap   total 131072K, used 85510K [0x0000000080000000, 0x0000000100000000)
  region size 1024K, 4 young (4096K), 4 survivors (4096K)
 Metaspace       used 70137K, capacity 71880K, committed 72144K, reserved 1112064K
  class space    used 9066K, capacity 9661K, committed 9728K, reserved 1048576K
}
Event: 40.402 GC heap before
{Heap before GC invocations=25 (full 0):
 garbage-first heap   total 131072K, used 110086K [0x0000000080000000, 0x0000000100000000)
  region size 1024K, 28 young (28672K), 4 survivors (4096K)
 Metaspace       used 72796K, capacity 74613K, committed 74704K, reserved 1114112K
  class space    used 9401K, capacity 9976K, committed 9984K, reserved 1048576K
}
Event: 40.416 GC heap after
{Heap after GC invocations=26 (full 0):
 garbage-first heap   total 131072K, used 87311K [0x0000000080000000, 0x0000000100000000)
  region size 1024K, 2 young (2048K), 2 survivors (2048K)
 Metaspace       used 72796K, capacity 74613K, committed 74704K, reserved 1114112K
  class space    used 9401K, capacity 9976K, committed 9984K, reserved 1048576K
}
Event: 41.468 GC heap before
{Heap before GC invocations=27 (full 0):
 garbage-first heap   total 131072K, used 109839K [0x0000000080000000, 0x0000000100000000)
  region size 1024K, 25 young (25600K), 2 survivors (2048K)
 Metaspace       used 75586K, capacity 77501K, committed 77648K, reserved 1116160K
  class space    used 9720K, capacity 10339K, committed 10368K, reserved 1048576K
}
Event: 41.478 GC heap after
{Heap after GC invocations=28 (full 0):
 garbage-first heap   total 131072K, used 88219K [0x0000000080000000, 0x0000000100000000)
  region size 1024K, 3 young (3072K), 3 survivors (3072K)
 Metaspace       used 75586K, capacity 77501K, committed 77648K, reserved 1116160K
  class space    used 9720K, capacity 10339K, committed 10368K, reserved 1048576K
}
Event: 42.601 GC heap before
{Heap before GC invocations=28 (full 0):
 garbage-first heap   total 131072K, used 110747K [0x0000000080000000, 0x0000000100000000)
  region size 1024K, 25 young (25600K), 3 survivors (3072K)
 Metaspace       used 77209K, capacity 79166K, committed 79440K, reserved 1118208K
  class space    used 9896K, capacity 10508K, committed 10624K, reserved 1048576K
}
Event: 42.615 GC heap after
{Heap after GC invocations=29 (full 0):
 garbage-first heap   total 131072K, used 90662K [0x0000000080000000, 0x0000000100000000)
  region size 1024K, 4 young (4096K), 4 survivors (4096K)
 Metaspace       used 77209K, capacity 79166K, committed 79440K, reserved 1118208K
  class space    used 9896K, capacity 10508K, committed 10624K, reserved 1048576K
}

Deoptimization events (20 events):
Event: 42.985 Thread 0x0000025094dce000 DEOPT PACKING pc=0x0000025087e20920 sp=0x000000d7821f88c0
Event: 42.985 Thread 0x0000025094dce000 DEOPT UNPACKING pc=0x00000250800278af sp=0x000000d7821f8880 mode 2
Event: 43.074 Thread 0x0000025094dce000 DEOPT PACKING pc=0x0000025081171b9f sp=0x000000d7821f71e0
Event: 43.075 Thread 0x0000025094dce000 DEOPT UNPACKING pc=0x00000250800276ce sp=0x000000d7821f66a0 mode 0
Event: 43.764 Thread 0x0000025094dce000 Uncommon trap: trap_request=0xffffff4d fr.pc=0x0000025087b244e8 relative=0x0000000000000988
Event: 43.764 Thread 0x0000025094dce000 Uncommon trap: reason=unstable_if action=reinterpret pc=0x0000025087b244e8 method=java.util.HashMap.resize()[Ljava/util/HashMap$Node; @ 203 c2
Event: 43.764 Thread 0x0000025094dce000 DEOPT PACKING pc=0x0000025087b244e8 sp=0x000000d7821f61a0
Event: 43.764 Thread 0x0000025094dce000 DEOPT UNPACKING pc=0x00000250800278af sp=0x000000d7821f6140 mode 2
Event: 43.764 Thread 0x0000025094dce000 Uncommon trap: trap_request=0xffffff4d fr.pc=0x0000025087e56268 relative=0x0000000000002ae8
Event: 43.764 Thread 0x0000025094dce000 Uncommon trap: reason=unstable_if action=reinterpret pc=0x0000025087e56268 method=java.util.HashMap.getNode(ILjava/lang/Object;)Ljava/util/HashMap$Node; @ 84 c2
Event: 43.764 Thread 0x0000025094dce000 DEOPT PACKING pc=0x0000025087e56268 sp=0x000000d7821f6240
Event: 43.764 Thread 0x0000025094dce000 DEOPT UNPACKING pc=0x00000250800278af sp=0x000000d7821f6138 mode 2
Event: 43.764 Thread 0x0000025094dce000 Uncommon trap: trap_request=0xffffff4d fr.pc=0x0000025087f05078 relative=0x00000000000002b8
Event: 43.764 Thread 0x0000025094dce000 Uncommon trap: reason=unstable_if action=reinterpret pc=0x0000025087f05078 method=java.util.HashMap.getNode(ILjava/lang/Object;)Ljava/util/HashMap$Node; @ 84 c2
Event: 43.764 Thread 0x0000025094dce000 DEOPT PACKING pc=0x0000025087f05078 sp=0x000000d7821f6200
Event: 43.764 Thread 0x0000025094dce000 DEOPT UNPACKING pc=0x00000250800278af sp=0x000000d7821f6120 mode 2
Event: 43.764 Thread 0x0000025094dce000 Uncommon trap: trap_request=0xffffff4d fr.pc=0x0000025087c0bce8 relative=0x00000000000001a8
Event: 43.764 Thread 0x0000025094dce000 Uncommon trap: reason=unstable_if action=reinterpret pc=0x0000025087c0bce8 method=java.util.HashMap.getNode(ILjava/lang/Object;)Ljava/util/HashMap$Node; @ 84 c2
Event: 43.765 Thread 0x0000025094dce000 DEOPT PACKING pc=0x0000025087c0bce8 sp=0x000000d7821f61a0
Event: 43.765 Thread 0x0000025094dce000 DEOPT UNPACKING pc=0x00000250800278af sp=0x000000d7821f6128 mode 2

Classes redefined (0 events):
No events

Internal exceptions (20 events):
Event: 42.717 Thread 0x0000025094dce000 Exception <a 'java/lang/NoSuchMethodError'{0x0000000087df4540}: <clinit>> (0x0000000087df4540) thrown at [./src/hotspot/share/prims/jni.cpp, line 1362]
Event: 42.720 Thread 0x0000025094dce000 Exception <a 'java/lang/ClassNotFoundException'{0x0000000087c190c8}: org/codehaus/groovy/runtime/NullObjectBeanInfo> (0x0000000087c190c8) thrown at [./src/hotspot/share/classfile/systemDictionary.cpp, line 231]
Event: 42.721 Thread 0x0000025094dce000 Exception <a 'java/lang/ClassNotFoundException'{0x0000000087c27a58}: org/codehaus/groovy/runtime/NullObjectCustomizer> (0x0000000087c27a58) thrown at [./src/hotspot/share/classfile/systemDictionary.cpp, line 231]
Event: 42.733 Thread 0x0000025094dce000 Exception <a 'java/lang/NoSuchMethodError'{0x0000000087ca9818}: <clinit>> (0x0000000087ca9818) thrown at [./src/hotspot/share/prims/jni.cpp, line 1362]
Event: 43.129 Thread 0x0000025094dce000 Exception <a 'java/lang/NoSuchMethodError'{0x00000000876dfbd8}: 'void java.lang.invoke.DirectMethodHandle$Holder.invokeStatic(java.lang.Object, int, java.lang.Object)'> (0x00000000876dfbd8) thrown at [./src/hotspot/share/interpreter/linkResolver.cpp, line 773]
Event: 43.139 Thread 0x0000025094dce000 Exception <a 'java/lang/NoSuchMethodError'{0x00000000876ecf08}: 'int java.lang.invoke.DirectMethodHandle$Holder.invokeStatic(java.lang.Object, int, int, java.lang.Object)'> (0x00000000876ecf08) thrown at [./src/hotspot/share/interpreter/linkResolver.cpp, line 773]
Event: 43.170 Thread 0x0000025094dce000 Exception <a 'java/lang/ClassNotFoundException'{0x000000008759d280}: java/util/LinkedHashSetBeanInfo> (0x000000008759d280) thrown at [./src/hotspot/share/classfile/systemDictionary.cpp, line 231]
Event: 43.171 Thread 0x0000025094dce000 Exception <a 'java/lang/ClassNotFoundException'{0x00000000875a45b8}: java/util/HashSetBeanInfo> (0x00000000875a45b8) thrown at [./src/hotspot/share/classfile/systemDictionary.cpp, line 231]
Event: 43.171 Thread 0x0000025094dce000 Exception <a 'java/lang/ClassNotFoundException'{0x00000000875abf38}: java/util/AbstractSetBeanInfo> (0x00000000875abf38) thrown at [./src/hotspot/share/classfile/systemDictionary.cpp, line 231]
Event: 43.171 Thread 0x0000025094dce000 Exception <a 'java/lang/ClassNotFoundException'{0x00000000875b3890}: java/util/AbstractSetCustomizer> (0x00000000875b3890) thrown at [./src/hotspot/share/classfile/systemDictionary.cpp, line 231]
Event: 43.172 Thread 0x0000025094dce000 Exception <a 'java/lang/ClassNotFoundException'{0x00000000875bf3a8}: java/util/HashSetCustomizer> (0x00000000875bf3a8) thrown at [./src/hotspot/share/classfile/systemDictionary.cpp, line 231]
Event: 43.172 Thread 0x0000025094dce000 Exception <a 'java/lang/ClassNotFoundException'{0x00000000875cf068}: java/util/LinkedHashSetCustomizer> (0x00000000875cf068) thrown at [./src/hotspot/share/classfile/systemDictionary.cpp, line 231]
Event: 43.189 Thread 0x0000025094dce000 Exception <a 'java/lang/ClassNotFoundException'{0x000000008749f0f0}: com/android/build/gradle/tasks/factory/AndroidUnitTest_DecoratedBeanInfo> (0x000000008749f0f0) thrown at [./src/hotspot/share/classfile/systemDictionary.cpp, line 231]
Event: 43.190 Thread 0x0000025094dce000 Exception <a 'java/lang/ClassNotFoundException'{0x00000000874b3bd8}: com/android/build/gradle/tasks/factory/AndroidUnitTestBeanInfo> (0x00000000874b3bd8) thrown at [./src/hotspot/share/classfile/systemDictionary.cpp, line 231]
Event: 43.191 Thread 0x0000025094dce000 Exception <a 'java/lang/ClassNotFoundException'{0x00000000874cb7b0}: org/gradle/api/tasks/testing/TestBeanInfo> (0x00000000874cb7b0) thrown at [./src/hotspot/share/classfile/systemDictionary.cpp, line 231]
Event: 43.192 Thread 0x0000025094dce000 Exception <a 'java/lang/ClassNotFoundException'{0x00000000874e6948}: org/gradle/api/tasks/testing/AbstractTestTaskBeanInfo> (0x00000000874e6948) thrown at [./src/hotspot/share/classfile/systemDictionary.cpp, line 231]
Event: 43.192 Thread 0x0000025094dce000 Exception <a 'java/lang/ClassNotFoundException'{0x0000000087302090}: org/gradle/api/tasks/testing/AbstractTestTaskCustomizer> (0x0000000087302090) thrown at [./src/hotspot/share/classfile/systemDictionary.cpp, line 231]
Event: 43.194 Thread 0x0000025094dce000 Exception <a 'java/lang/ClassNotFoundException'{0x00000000873381f0}: org/gradle/api/tasks/testing/TestCustomizer> (0x00000000873381f0) thrown at [./src/hotspot/share/classfile/systemDictionary.cpp, line 231]
Event: 43.201 Thread 0x0000025094dce000 Exception <a 'java/lang/ClassNotFoundException'{0x00000000873e1e80}: com/android/build/gradle/tasks/factory/AndroidUnitTestCustomizer> (0x00000000873e1e80) thrown at [./src/hotspot/share/classfile/systemDictionary.cpp, line 231]
Event: 43.202 Thread 0x0000025094dce000 Exception <a 'java/lang/ClassNotFoundException'{0x0000000087214160}: com/android/build/gradle/tasks/factory/AndroidUnitTest_DecoratedCustomizer> (0x0000000087214160) thrown at [./src/hotspot/share/classfile/systemDictionary.cpp, line 231]

Events (20 events):
Event: 43.790 loading class com/android/build/gradle/internal/scope/InternalArtifactType$LEGACY_SHRUNK_LINKED_RES_FOR_BUNDLE
Event: 43.790 loading class com/android/build/gradle/internal/scope/InternalArtifactType$LEGACY_SHRUNK_LINKED_RES_FOR_BUNDLE done
Event: 43.791 loading class com/android/build/gradle/internal/scope/InternalArtifactType$STABLE_RESOURCE_IDS_FILE
Event: 43.791 loading class com/android/build/gradle/internal/scope/InternalArtifactType$STABLE_RESOURCE_IDS_FILE done
Event: 43.791 loading class com/android/build/gradle/internal/scope/InternalArtifactType$LEGACY_MULTIDEX_AAPT_DERIVED_PROGUARD_RULES
Event: 43.791 loading class com/android/build/gradle/internal/scope/InternalArtifactType$LEGACY_MULTIDEX_AAPT_DERIVED_PROGUARD_RULES done
Event: 43.791 loading class com/android/build/gradle/internal/scope/InternalArtifactType$LEGACY_MULTIDEX_MAIN_DEX_LIST
Event: 43.791 loading class com/android/build/gradle/internal/scope/InternalArtifactType$LEGACY_MULTIDEX_MAIN_DEX_LIST done
Event: 43.792 loading class com/android/build/gradle/internal/scope/InternalArtifactType$RUNTIME_R_CLASS_SOURCES
Event: 43.792 loading class com/android/build/gradle/internal/scope/InternalArtifactType$RUNTIME_R_CLASS_SOURCES done
Event: 43.793 loading class com/android/build/gradle/internal/scope/InternalArtifactType$RUNTIME_R_CLASS_CLASSES
Event: 43.793 loading class com/android/build/gradle/internal/scope/InternalArtifactType$RUNTIME_R_CLASS_CLASSES done
Event: 43.793 loading class com/android/build/gradle/internal/scope/InternalArtifactType$LIBRARY_AND_LOCAL_JARS_JNI
Event: 43.793 loading class com/android/build/gradle/internal/scope/InternalArtifactType$LIBRARY_AND_LOCAL_JARS_JNI done
Event: 43.794 loading class com/android/build/gradle/internal/scope/InternalArtifactType$MERGED_ML_MODELS
Event: 43.794 loading class com/android/build/gradle/internal/scope/InternalArtifactType$MERGED_ML_MODELS done
Event: 43.794 loading class com/android/build/gradle/internal/scope/InternalArtifactType$PROFILERS_NATIVE_LIBS
Event: 43.794 loading class com/android/build/gradle/internal/scope/InternalArtifactType$PROFILERS_NATIVE_LIBS done
Event: 43.795 loading class com/android/build/gradle/internal/scope/InternalArtifactType$NON_NAMESPACED_LIBRARY_MANIFEST
Event: 43.795 loading class com/android/build/gradle/internal/scope/InternalArtifactType$NON_NAMESPACED_LIBRARY_MANIFEST done


Dynamic libraries:
0x00007ff78bf30000 - 0x00007ff78bf3a000 	C:\Program Files\Android\Android Studio\jre\bin\java.exe
0x00007ffbd49d0000 - 0x00007ffbd4bc5000 	C:\WINDOWS\SYSTEM32\ntdll.dll
0x00007ffbd2d20000 - 0x00007ffbd2ddd000 	C:\WINDOWS\System32\KERNEL32.DLL
0x00007ffbd2740000 - 0x00007ffbd2a08000 	C:\WINDOWS\System32\KERNELBASE.dll
0x00007ffbd2280000 - 0x00007ffbd2380000 	C:\WINDOWS\System32\ucrtbase.dll
0x00007ffbbf7b0000 - 0x00007ffbbf7c9000 	C:\Program Files\Android\Android Studio\jre\bin\jli.dll
0x00007ffbd4600000 - 0x00007ffbd47a0000 	C:\WINDOWS\System32\USER32.dll
0x00007ffbd2a10000 - 0x00007ffbd2a32000 	C:\WINDOWS\System32\win32u.dll
0x00007ffbd4140000 - 0x00007ffbd416a000 	C:\WINDOWS\System32\GDI32.dll
0x00007ffbcc510000 - 0x00007ffbcc527000 	C:\Program Files\Android\Android Studio\jre\bin\VCRUNTIME140.dll
0x00007ffbd2170000 - 0x00007ffbd227b000 	C:\WINDOWS\System32\gdi32full.dll
0x00007ffbd2430000 - 0x00007ffbd24cd000 	C:\WINDOWS\System32\msvcp_win.dll
0x00007ffbc1b80000 - 0x00007ffbc1e1a000 	C:\WINDOWS\WinSxS\amd64_microsoft.windows.common-controls_6595b64144ccf1df_6.0.19041.1052_none_60b8f8fd71f5e8cb\COMCTL32.dll
0x00007ffbd4170000 - 0x00007ffbd420e000 	C:\WINDOWS\System32\msvcrt.dll
0x00007ffbd2de0000 - 0x00007ffbd2e10000 	C:\WINDOWS\System32\IMM32.DLL
0x00007ffbb4b40000 - 0x00007ffbb4bdd000 	C:\Program Files\Android\Android Studio\jre\bin\msvcp140.dll
0x00007ffb9fee0000 - 0x00007ffba09af000 	C:\Program Files\Android\Android Studio\jre\bin\server\jvm.dll
0x00007ffbd3c10000 - 0x00007ffbd3cbc000 	C:\WINDOWS\System32\ADVAPI32.dll
0x00007ffbd2ad0000 - 0x00007ffbd2b6b000 	C:\WINDOWS\System32\sechost.dll
0x00007ffbd44d0000 - 0x00007ffbd45fb000 	C:\WINDOWS\System32\RPCRT4.dll
0x00007ffbd3a70000 - 0x00007ffbd3a78000 	C:\WINDOWS\System32\PSAPI.DLL
0x00007ffbc9820000 - 0x00007ffbc9829000 	C:\WINDOWS\SYSTEM32\WSOCK32.dll
0x00007ffbd4920000 - 0x00007ffbd498b000 	C:\WINDOWS\System32\WS2_32.dll
0x00007ffbc8f60000 - 0x00007ffbc8f87000 	C:\WINDOWS\SYSTEM32\WINMM.dll
0x00007ffbcb3f0000 - 0x00007ffbcb3fa000 	C:\WINDOWS\SYSTEM32\VERSION.dll
0x00007ffbd0060000 - 0x00007ffbd0072000 	C:\WINDOWS\SYSTEM32\kernel.appcore.dll
0x00007ffbc19a0000 - 0x00007ffbc19b1000 	C:\Program Files\Android\Android Studio\jre\bin\verify.dll
0x00007ffbca0e0000 - 0x00007ffbca2c4000 	C:\WINDOWS\SYSTEM32\DBGHELP.DLL
0x00007ffbc9f10000 - 0x00007ffbc9f3c000 	C:\WINDOWS\SYSTEM32\dbgcore.DLL
0x00007ffbd26b0000 - 0x00007ffbd2733000 	C:\WINDOWS\System32\bcryptPrimitives.dll
0x00007ffbc0ce0000 - 0x00007ffbc0d09000 	C:\Program Files\Android\Android Studio\jre\bin\java.dll
0x00007ffbcde00000 - 0x00007ffbcde0b000 	C:\Program Files\Android\Android Studio\jre\bin\jimage.dll
0x00007ffbc1980000 - 0x00007ffbc1998000 	C:\Program Files\Android\Android Studio\jre\bin\zip.dll
0x00007ffbd2e10000 - 0x00007ffbd354f000 	C:\WINDOWS\System32\SHELL32.dll
0x00007ffbd0260000 - 0x00007ffbd09f0000 	C:\WINDOWS\SYSTEM32\windows.storage.dll
0x00007ffbd35d0000 - 0x00007ffbd3925000 	C:\WINDOWS\System32\combase.dll
0x00007ffbd1b80000 - 0x00007ffbd1bac000 	C:\WINDOWS\SYSTEM32\Wldp.dll
0x00007ffbd4870000 - 0x00007ffbd491e000 	C:\WINDOWS\System32\SHCORE.dll
0x00007ffbd3bb0000 - 0x00007ffbd3c05000 	C:\WINDOWS\System32\shlwapi.dll
0x00007ffbd2050000 - 0x00007ffbd206f000 	C:\WINDOWS\SYSTEM32\profapi.dll
0x00007ffbc0dd0000 - 0x00007ffbc0dea000 	C:\Program Files\Android\Android Studio\jre\bin\net.dll
0x00007ffbc13c0000 - 0x00007ffbc14cb000 	C:\WINDOWS\SYSTEM32\WINHTTP.dll
0x00007ffbd18f0000 - 0x00007ffbd195a000 	C:\WINDOWS\system32\mswsock.dll
0x00007ffbc0530000 - 0x00007ffbc0544000 	C:\Program Files\Android\Android Studio\jre\bin\nio.dll
0x00007ffbbf160000 - 0x00007ffbbf186000 	C:\Users\Loppop\.gradle\native\fdc75f09e3144964f2cf3f50f0aa648679c211496f362492102eb8c894070792\windows-amd64\native-platform.dll
0x00007ffba6740000 - 0x00007ffba68d1000 	C:\Users\Loppop\.gradle\native\12488b8bf47d2d4c9fbf2f6322a914ad602e24e48041cd04a747c6da556b65c4\windows-amd64\native-platform-file-events.dll
0x00007ffbccb40000 - 0x00007ffbccb4a000 	C:\Program Files\Android\Android Studio\jre\bin\management.dll
0x00007ffbcc980000 - 0x00007ffbcc98c000 	C:\Program Files\Android\Android Studio\jre\bin\management_ext.dll
0x00007ffbd1ac0000 - 0x00007ffbd1ad8000 	C:\WINDOWS\SYSTEM32\CRYPTSP.dll
0x00007ffbd1220000 - 0x00007ffbd1254000 	C:\WINDOWS\system32\rsaenh.dll
0x00007ffbd24d0000 - 0x00007ffbd24f7000 	C:\WINDOWS\System32\bcrypt.dll
0x00007ffbd2010000 - 0x00007ffbd203e000 	C:\WINDOWS\SYSTEM32\USERENV.dll
0x00007ffbd1ae0000 - 0x00007ffbd1aec000 	C:\WINDOWS\SYSTEM32\CRYPTBASE.dll
0x00007ffbd1590000 - 0x00007ffbd15cb000 	C:\WINDOWS\SYSTEM32\IPHLPAPI.DLL
0x00007ffbd3cc0000 - 0x00007ffbd3cc8000 	C:\WINDOWS\System32\NSI.dll
0x00007ffbc7fd0000 - 0x00007ffbc7fe7000 	C:\WINDOWS\SYSTEM32\dhcpcsvc6.DLL
0x00007ffbc8d00000 - 0x00007ffbc8d1d000 	C:\WINDOWS\SYSTEM32\dhcpcsvc.DLL
0x00007ffbd15d0000 - 0x00007ffbd169c000 	C:\WINDOWS\SYSTEM32\DNSAPI.dll
0x00007ffbcb470000 - 0x00007ffbcb47b000 	C:\WINDOWS\SYSTEM32\WINNSI.DLL

dbghelp: loaded successfully - version: 4.0.5 - missing functions: none
symbol engine: initialized successfully - sym options: 0x614 - pdb path: .;C:\Program Files\Android\Android Studio\jre\bin;C:\WINDOWS\SYSTEM32;C:\WINDOWS\WinSxS\amd64_microsoft.windows.common-controls_6595b64144ccf1df_6.0.19041.1052_none_60b8f8fd71f5e8cb;C:\Program Files\Android\Android Studio\jre\bin\server;C:\Users\Loppop\.gradle\native\fdc75f09e3144964f2cf3f50f0aa648679c211496f362492102eb8c894070792\windows-amd64;C:\Users\Loppop\.gradle\native\12488b8bf47d2d4c9fbf2f6322a914ad602e24e48041cd04a747c6da556b65c4\windows-amd64

VM Arguments:
jvm_args: --add-opens=java.base/java.util=ALL-UNNAMED --add-opens=java.base/java.lang=ALL-UNNAMED --add-opens=java.base/java.lang.invoke=ALL-UNNAMED --add-opens=java.prefs/java.util.prefs=ALL-UNNAMED -Xmx2048m -Dfile.encoding=windows-1251 -Duser.country=RU -Duser.language=ru -Duser.variant 
java_command: org.gradle.launcher.daemon.bootstrap.GradleDaemon 6.7.1
java_class_path (initial): C:\Users\Loppop\.gradle\wrapper\dists\gradle-6.7.1-bin\bwlcbys1h7rz3272sye1xwiv6\gradle-6.7.1\lib\gradle-launcher-6.7.1.jar
Launcher Type: SUN_STANDARD

[Global flags]
     intx CICompilerCount                          = 3                                         {product} {ergonomic}
     uint ConcGCThreads                            = 1                                         {product} {ergonomic}
     uint G1ConcRefinementThreads                  = 4                                         {product} {ergonomic}
   size_t G1HeapRegionSize                         = 1048576                                   {product} {ergonomic}
    uintx GCDrainStackTargetSize                   = 64                                        {product} {ergonomic}
   size_t InitialHeapSize                          = 134217728                                 {product} {ergonomic}
   size_t MarkStackSize                            = 4194304                                   {product} {ergonomic}
   size_t MaxHeapSize                              = 2147483648                                {product} {command line}
   size_t MaxNewSize                               = 1287651328                                {product} {ergonomic}
   size_t MinHeapDeltaBytes                        = 1048576                                   {product} {ergonomic}
    uintx NonNMethodCodeHeapSize                   = 5830732                                {pd product} {ergonomic}
    uintx NonProfiledCodeHeapSize                  = 122913754                              {pd product} {ergonomic}
    uintx ProfiledCodeHeapSize                     = 122913754                              {pd product} {ergonomic}
    uintx ReservedCodeCacheSize                    = 251658240                              {pd product} {ergonomic}
     bool SegmentedCodeCache                       = true                                      {product} {ergonomic}
     bool UseCompressedClassPointers               = true                                 {lp64_product} {ergonomic}
     bool UseCompressedOops                        = true                                 {lp64_product} {ergonomic}
     bool UseG1GC                                  = true                                      {product} {ergonomic}
     bool UseLargePagesIndividualAllocation        = false                                  {pd product} {ergonomic}

Logging:
Log output configuration:
 #0: stdout all=warning uptime,level,tags
 #1: stderr all=off uptime,level,tags

Environment Variables:
JAVA_HOME=C:\Program Files\Java\jdk1.8.0_251
PATH=C:\Program Files (x86)\Common Files\Oracle\Java\javapath;C:\Windows\system32;C:\Windows;C:\Windows\System32\Wbem;C:\Windows\System32\WindowsPowerShell\v1.0\;C:\Windows\System32\OpenSSH\;C:\Program Files (x86)\NVIDIA Corporation\PhysX\Common;C:\Program Files\Git\cmd;C:\Program Files (x86)\PICT\;%SystemRoot%\system32;%SystemRoot%;%SystemRoot%\System32\Wbem;%SYSTEMROOT%\System32\WindowsPowerShell\v1.0\;%SYSTEMROOT%\System32\OpenSSH\;C:\Users\Loppop\AppData\Local\Microsoft\WindowsApps;C:\git;C:\Program Files\Java\jdk1.8.0_251\bin;C:\soft\apache-maven-3.6.3\\bin;C:\Program Files\JetBrains\IntelliJ IDEA Community Edition 2021.1.2\bin;C:\Users\Loppop\AppData\Local\GitHubDesktop\bin
USERNAME=Loppop
OS=Windows_NT
PROCESSOR_IDENTIFIER=Intel64 Family 6 Model 78 Stepping 3, GenuineIntel



---------------  S Y S T E M  ---------------

OS: Windows 10 , 64 bit Build 19041 (10.0.19041.1023)
OS uptime: 20 days 4:58 hours

CPU:total 4 (initial active 4) (2 cores per cpu, 2 threads per core) family 6 model 78 stepping 3 microcode 0xd6, cmov, cx8, fxsr, mmx, sse, sse2, sse3, ssse3, sse4.1, sse4.2, popcnt, avx, avx2, aes, clmul, erms, 3dnowpref, lzcnt, ht, tsc, tscinvbit, bmi1, bmi2, adx, fma

Memory: 4k page, system-wide physical 8087M (328M free)
TotalPageFile size 21828M (AvailPageFile size 5M)
current process WorkingSet (physical memory assigned to process): 359M, peak: 361M
current process commit charge ("private bytes"): 396M, peak: 397M

vm_info: OpenJDK 64-Bit Server VM (11.0.10+0-b96-7249189) for windows-amd64 JRE (11.0.10+0-b96-7249189), built on Mar 31 2021 21:44:00 by "builder" with MS VC++ 14.0 (VS2015)

END.
